[debug] [2022-11-21T11:28:16.765Z] ----------------------------------------------------------------------
[debug] [2022-11-21T11:28:16.766Z] Command:       C:\Program Files\nodejs\node.exe C:\Users\HP\AppData\Roaming\npm\node_modules\firebase-tools\lib\bin\firebase.js init hosting
[debug] [2022-11-21T11:28:16.766Z] CLI Version:   10.9.2
[debug] [2022-11-21T11:28:16.766Z] Platform:      win32
[debug] [2022-11-21T11:28:16.766Z] Node Version:  v14.17.3
[debug] [2022-11-21T11:28:16.768Z] Time:          Mon Nov 21 2022 14:28:16 GMT+0300 (East Africa Time)
[debug] [2022-11-21T11:28:16.768Z] ----------------------------------------------------------------------
[debug] 
[debug] [2022-11-21T11:28:16.771Z] >>> [apiv2][query] GET https://firebase-public.firebaseio.com/cli.json [none]
[debug] [2022-11-21T11:28:16.804Z] > command requires scopes: ["email","openid","https://www.googleapis.com/auth/cloudplatformprojects.readonly","https://www.googleapis.com/auth/firebase","https://www.googleapis.com/auth/cloud-platform"]
[debug] [2022-11-21T11:28:21.506Z] <<< [apiv2][status] GET https://firebase-public.firebaseio.com/cli.json 200
[debug] [2022-11-21T11:28:21.506Z] <<< [apiv2][body] GET https://firebase-public.firebaseio.com/cli.json {"cloudBuildErrorAfter":1594252800000,"cloudBuildWarnAfter":1590019200000,"defaultNode10After":1594252800000,"minVersion":"3.0.5","node8DeploysDisabledAfter":1613390400000,"node8RuntimeDisabledAfter":1615809600000,"node8WarnAfter":1600128000000}
[info] 
     ######## #### ########  ######## ########     ###     ######  ########
     ##        ##  ##     ## ##       ##     ##  ##   ##  ##       ##
     ######    ##  ########  ######   ########  #########  ######  ######
     ##        ##  ##    ##  ##       ##     ## ##     ##       ## ##
     ##       #### ##     ## ######## ########  ##     ##  ######  ########

You're about to initialize a Firebase project in this directory:

  D:\UAC\DSpace-Frontend\dspace-angular-dspace-7.3

